10:11:07.028 [restartedMain] INFO  c.h.f.FlightManagementApplication - Starting FlightManagementApplication using Java 20.0.1 with PID 4280 (D:\STS(Extract)\STS-Workplace\FlightManagement\target\classes started by moham in D:\STS(Extract)\STS-Workplace\FlightManagement)
10:11:07.032 [restartedMain] INFO  c.h.f.FlightManagementApplication - No active profile set, falling back to 1 default profile: "default"
10:11:13.588 [restartedMain] INFO  com.zaxxer.hikari.HikariDataSource - HikariPool-1 - Starting...
10:11:14.669 [restartedMain] INFO  com.zaxxer.hikari.pool.HikariPool - HikariPool-1 - Added connection com.mysql.cj.jdbc.ConnectionImpl@2dadf027
10:11:14.674 [restartedMain] INFO  com.zaxxer.hikari.HikariDataSource - HikariPool-1 - Start completed.
10:11:23.736 [restartedMain] INFO  c.h.f.FlightManagementApplication - Started FlightManagementApplication in 17.87 seconds (process running for 21.519)
10:16:42.052 [http-nio-8080-exec-7] ERROR c.h.f.services.UserService - Invalid User Id
10:19:47.372 [http-nio-8080-exec-3] INFO  c.h.f.services.UserService - User Registered Successfully with user id: some@none.com
10:19:47.373 [http-nio-8080-exec-3] INFO  c.h.f.controller.UserController - User created
10:21:39.372 [Thread-5] INFO  com.zaxxer.hikari.HikariDataSource - HikariPool-1 - Shutdown initiated...
10:21:39.394 [Thread-5] INFO  com.zaxxer.hikari.HikariDataSource - HikariPool-1 - Shutdown completed.
10:21:39.610 [restartedMain] INFO  c.h.f.FlightManagementApplication - Starting FlightManagementApplication using Java 20.0.1 with PID 4280 (D:\STS(Extract)\STS-Workplace\FlightManagement\target\classes started by moham in D:\STS(Extract)\STS-Workplace\FlightManagement)
10:21:39.611 [restartedMain] INFO  c.h.f.FlightManagementApplication - No active profile set, falling back to 1 default profile: "default"
10:21:40.903 [restartedMain] INFO  com.zaxxer.hikari.HikariDataSource - HikariPool-2 - Starting...
10:21:40.972 [restartedMain] INFO  com.zaxxer.hikari.pool.HikariPool - HikariPool-2 - Added connection com.mysql.cj.jdbc.ConnectionImpl@78b30a2a
10:21:40.973 [restartedMain] INFO  com.zaxxer.hikari.HikariDataSource - HikariPool-2 - Start completed.
10:36:23.492 [restartedMain] INFO  c.h.f.FlightManagementApplication - Starting FlightManagementApplication using Java 20.0.1 with PID 5568 (D:\STS(Extract)\STS-Workplace\FlightManagement\target\classes started by moham in D:\STS(Extract)\STS-Workplace\FlightManagement)
10:36:23.497 [restartedMain] INFO  c.h.f.FlightManagementApplication - No active profile set, falling back to 1 default profile: "default"
10:36:29.906 [restartedMain] INFO  com.zaxxer.hikari.HikariDataSource - HikariPool-1 - Starting...
10:36:31.102 [restartedMain] INFO  com.zaxxer.hikari.pool.HikariPool - HikariPool-1 - Added connection com.mysql.cj.jdbc.ConnectionImpl@4f183b7f
10:36:31.112 [restartedMain] INFO  com.zaxxer.hikari.HikariDataSource - HikariPool-1 - Start completed.
10:36:40.485 [restartedMain] INFO  c.h.f.FlightManagementApplication - Started FlightManagementApplication in 18.101 seconds (process running for 21.313)
10:42:29.504 [RMI TCP Connection(8)-127.0.0.1] INFO  com.zaxxer.hikari.HikariDataSource - HikariPool-1 - Shutdown initiated...
10:42:29.530 [RMI TCP Connection(8)-127.0.0.1] INFO  com.zaxxer.hikari.HikariDataSource - HikariPool-1 - Shutdown completed.
11:07:11.372 [restartedMain] INFO  c.h.f.FlightManagementApplication - Starting FlightManagementApplication using Java 20.0.1 with PID 10928 (D:\STS(Extract)\STS-Workplace\FlightManagement\target\classes started by moham in D:\STS(Extract)\STS-Workplace\FlightManagement)
11:07:11.406 [restartedMain] INFO  c.h.f.FlightManagementApplication - No active profile set, falling back to 1 default profile: "default"
11:07:17.304 [restartedMain] INFO  com.zaxxer.hikari.HikariDataSource - HikariPool-1 - Starting...
11:07:18.471 [restartedMain] INFO  com.zaxxer.hikari.pool.HikariPool - HikariPool-1 - Added connection com.mysql.cj.jdbc.ConnectionImpl@33429cdc
11:07:18.478 [restartedMain] INFO  com.zaxxer.hikari.HikariDataSource - HikariPool-1 - Start completed.
11:07:26.885 [restartedMain] INFO  c.h.f.FlightManagementApplication - Started FlightManagementApplication in 16.479 seconds (process running for 19.231)
11:08:12.429 [http-nio-8080-exec-2] INFO  c.h.f.services.ReservationService - Reservation CancelledKeyException against reservation Id :4
11:09:22.459 [RMI TCP Connection(4)-127.0.0.1] INFO  com.zaxxer.hikari.HikariDataSource - HikariPool-1 - Shutdown initiated...
11:09:22.480 [RMI TCP Connection(4)-127.0.0.1] INFO  com.zaxxer.hikari.HikariDataSource - HikariPool-1 - Shutdown completed.
11:14:28.310 [restartedMain] INFO  c.h.f.FlightManagementApplication - Starting FlightManagementApplication using Java 20.0.1 with PID 6060 (D:\STS(Extract)\STS-Workplace\FlightManagement\target\classes started by moham in D:\STS(Extract)\STS-Workplace\FlightManagement)
11:14:28.314 [restartedMain] INFO  c.h.f.FlightManagementApplication - No active profile set, falling back to 1 default profile: "default"
11:14:34.465 [restartedMain] INFO  com.zaxxer.hikari.HikariDataSource - HikariPool-1 - Starting...
11:14:35.404 [restartedMain] INFO  com.zaxxer.hikari.pool.HikariPool - HikariPool-1 - Added connection com.mysql.cj.jdbc.ConnectionImpl@65dfce63
11:14:35.407 [restartedMain] INFO  com.zaxxer.hikari.HikariDataSource - HikariPool-1 - Start completed.
11:14:42.921 [restartedMain] INFO  c.h.f.FlightManagementApplication - Started FlightManagementApplication in 15.641 seconds (process running for 18.596)
11:15:19.027 [http-nio-8080-exec-5] ERROR c.h.f.services.ReservationService - Invalid Reservation Id
11:15:27.904 [http-nio-8080-exec-7] INFO  c.h.f.services.ReservationService - Reservation Found: Reservation(reservationId=5, passengersList=[Passenger(passengerId=5, firstName=Many, lastName=Thing, email=manything@anything.com, phone=9838293292)], flight=Flight(flightId=G2404, operatingAirlines=Akasa Air, departureCity=Bangalore, arrivalCity=Delhi, noOfSeatsBusiness=20, noOfSeatsEconomy=30, fareBusiness=10000, fareEconomy=5000), user=User(userId=manything@anything.com, firstName=onething, lastName=Anything, mobileNo=345678901, password=thinging@123), bookingDate=2023-05-08 15:59:09.0, departureDate=2023-05-08 15:57:02.0, totalFare=26450.0)
11:15:28.039 [http-nio-8080-exec-7] INFO  c.h.f.services.ReservationService - Reservation Cancelled against reservation Id :5
12:23:34.566 [RMI TCP Connection(71)-127.0.0.1] INFO  com.zaxxer.hikari.HikariDataSource - HikariPool-1 - Shutdown initiated...
12:23:34.586 [RMI TCP Connection(71)-127.0.0.1] INFO  com.zaxxer.hikari.HikariDataSource - HikariPool-1 - Shutdown completed.
13:53:46.407 [restartedMain] INFO  c.h.f.FlightManagementApplication - Starting FlightManagementApplication using Java 20.0.1 with PID 3620 (D:\STS(Extract)\STS-Workplace\FlightManagement\target\classes started by moham in D:\STS(Extract)\STS-Workplace\FlightManagement)
13:53:46.443 [restartedMain] INFO  c.h.f.FlightManagementApplication - No active profile set, falling back to 1 default profile: "default"
13:53:48.556 [restartedMain] INFO  com.zaxxer.hikari.HikariDataSource - HikariPool-1 - Starting...
13:53:48.988 [restartedMain] INFO  com.zaxxer.hikari.pool.HikariPool - HikariPool-1 - Added connection com.mysql.cj.jdbc.ConnectionImpl@271a2cf8
13:53:48.990 [restartedMain] INFO  com.zaxxer.hikari.HikariDataSource - HikariPool-1 - Start completed.
13:53:51.741 [restartedMain] INFO  c.h.f.FlightManagementApplication - Started FlightManagementApplication in 5.769 seconds (process running for 6.809)
13:54:13.586 [http-nio-8080-exec-10] INFO  c.h.f.services.ReservationService - No of Reservations: 0
13:55:58.671 [RMI TCP Connection(4)-127.0.0.1] INFO  com.zaxxer.hikari.HikariDataSource - HikariPool-1 - Shutdown initiated...
13:55:58.695 [RMI TCP Connection(4)-127.0.0.1] INFO  com.zaxxer.hikari.HikariDataSource - HikariPool-1 - Shutdown completed.
12:45:20.503 [restartedMain] INFO  c.h.f.FlightManagementApplication - Starting FlightManagementApplication using Java 20.0.1 with PID 5912 (D:\STS(Extract)\STS-Workplace\FlightManagement\target\classes started by moham in D:\STS(Extract)\STS-Workplace\FlightManagement)
12:45:20.530 [restartedMain] INFO  c.h.f.FlightManagementApplication - No active profile set, falling back to 1 default profile: "default"
12:45:26.965 [restartedMain] INFO  com.zaxxer.hikari.HikariDataSource - HikariPool-1 - Starting...
12:45:28.457 [restartedMain] INFO  com.zaxxer.hikari.pool.HikariPool - HikariPool-1 - Added connection com.mysql.cj.jdbc.ConnectionImpl@792cd82c
12:45:28.465 [restartedMain] INFO  com.zaxxer.hikari.HikariDataSource - HikariPool-1 - Start completed.
12:45:36.687 [restartedMain] INFO  c.h.f.FlightManagementApplication - Started FlightManagementApplication in 17.14 seconds (process running for 20.391)
13:11:56.281 [HikariPool-1 housekeeper] WARN  com.zaxxer.hikari.pool.HikariPool - HikariPool-1 - Thread starvation or clock leap detected (housekeeper delta=2m27s334ms559µs).
21:14:47.895 [HikariPool-1 housekeeper] WARN  com.zaxxer.hikari.pool.HikariPool - HikariPool-1 - Thread starvation or clock leap detected (housekeeper delta=2h12m16s119ms307µs900ns).
23:10:54.910 [HikariPool-1 housekeeper] WARN  com.zaxxer.hikari.pool.HikariPool - HikariPool-1 - Thread starvation or clock leap detected (housekeeper delta=1h50m40s9ms336µs).
09:14:31.168 [HikariPool-1 housekeeper] WARN  com.zaxxer.hikari.pool.HikariPool - HikariPool-1 - Thread starvation or clock leap detected (housekeeper delta=9h51m7s648ms621µs100ns).
09:28:56.990 [RMI TCP Connection(413)-127.0.0.1] INFO  com.zaxxer.hikari.HikariDataSource - HikariPool-1 - Shutdown initiated...
09:28:57.013 [RMI TCP Connection(413)-127.0.0.1] INFO  com.zaxxer.hikari.HikariDataSource - HikariPool-1 - Shutdown completed.
10:37:42.284 [restartedMain] INFO  c.h.f.FlightManagementApplication - Starting FlightManagementApplication using Java 20.0.1 with PID 2196 (D:\STS(Extract)\STS-Workplace\FlightManagement\target\classes started by moham in D:\STS(Extract)\STS-Workplace\FlightManagement)
10:37:42.289 [restartedMain] INFO  c.h.f.FlightManagementApplication - No active profile set, falling back to 1 default profile: "default"
10:37:47.882 [restartedMain] INFO  com.zaxxer.hikari.HikariDataSource - HikariPool-1 - Starting...
10:37:49.282 [restartedMain] INFO  com.zaxxer.hikari.pool.HikariPool - HikariPool-1 - Added connection com.mysql.cj.jdbc.ConnectionImpl@6fd82b4e
10:37:49.299 [restartedMain] INFO  com.zaxxer.hikari.HikariDataSource - HikariPool-1 - Start completed.
10:37:57.198 [restartedMain] INFO  c.h.f.FlightManagementApplication - Started FlightManagementApplication in 15.99 seconds (process running for 19.56)
10:56:25.220 [Thread-5] INFO  com.zaxxer.hikari.HikariDataSource - HikariPool-1 - Shutdown initiated...
10:56:25.246 [Thread-5] INFO  com.zaxxer.hikari.HikariDataSource - HikariPool-1 - Shutdown completed.
10:56:25.550 [restartedMain] INFO  c.h.f.FlightManagementApplication - Starting FlightManagementApplication using Java 20.0.1 with PID 2196 (D:\STS(Extract)\STS-Workplace\FlightManagement\target\classes started by moham in D:\STS(Extract)\STS-Workplace\FlightManagement)
10:56:25.551 [restartedMain] INFO  c.h.f.FlightManagementApplication - No active profile set, falling back to 1 default profile: "default"
10:56:26.923 [restartedMain] INFO  com.zaxxer.hikari.HikariDataSource - HikariPool-2 - Starting...
10:56:26.987 [restartedMain] INFO  com.zaxxer.hikari.pool.HikariPool - HikariPool-2 - Added connection com.mysql.cj.jdbc.ConnectionImpl@5f38d550
10:56:26.988 [restartedMain] INFO  com.zaxxer.hikari.HikariDataSource - HikariPool-2 - Start completed.
10:56:29.262 [restartedMain] INFO  c.h.f.FlightManagementApplication - Started FlightManagementApplication in 3.856 seconds (process running for 1131.624)
11:18:08.809 [HikariPool-2 housekeeper] WARN  com.zaxxer.hikari.pool.HikariPool - HikariPool-2 - Thread starvation or clock leap detected (housekeeper delta=11m41s584ms371µs600ns).
12:06:29.293 [Thread-7] INFO  com.zaxxer.hikari.HikariDataSource - HikariPool-2 - Shutdown initiated...
12:06:29.337 [Thread-7] INFO  com.zaxxer.hikari.HikariDataSource - HikariPool-2 - Shutdown completed.
12:06:30.056 [restartedMain] INFO  c.h.f.FlightManagementApplication - Starting FlightManagementApplication using Java 20.0.1 with PID 2196 (D:\STS(Extract)\STS-Workplace\FlightManagement\target\classes started by moham in D:\STS(Extract)\STS-Workplace\FlightManagement)
12:06:30.057 [restartedMain] INFO  c.h.f.FlightManagementApplication - No active profile set, falling back to 1 default profile: "default"
12:06:31.739 [restartedMain] INFO  com.zaxxer.hikari.HikariDataSource - HikariPool-3 - Starting...
12:06:31.796 [restartedMain] INFO  com.zaxxer.hikari.pool.HikariPool - HikariPool-3 - Added connection com.mysql.cj.jdbc.ConnectionImpl@cceab7e
12:06:31.797 [restartedMain] INFO  com.zaxxer.hikari.HikariDataSource - HikariPool-3 - Start completed.
12:06:34.143 [restartedMain] INFO  c.h.f.FlightManagementApplication - Started FlightManagementApplication in 4.231 seconds (process running for 5336.532)
14:08:28.249 [http-nio-8080-exec-5] INFO  c.h.f.services.UserService - User: User(userId=some@none.com, firstName=some, lastName=none, mobileNo=123456789, password=nonesome)
14:08:55.490 [http-nio-8080-exec-6] INFO  c.h.f.services.UserService - User: User(userId=some@none.com, firstName=some, lastName=none, mobileNo=123456789, password=nonesome)
14:26:08.891 [Thread-11] INFO  com.zaxxer.hikari.HikariDataSource - HikariPool-3 - Shutdown initiated...
14:26:08.996 [Thread-11] INFO  com.zaxxer.hikari.HikariDataSource - HikariPool-3 - Shutdown completed.
14:26:10.217 [restartedMain] INFO  c.h.f.FlightManagementApplication - Starting FlightManagementApplication using Java 20.0.1 with PID 2196 (D:\STS(Extract)\STS-Workplace\FlightManagement\target\classes started by moham in D:\STS(Extract)\STS-Workplace\FlightManagement)
14:26:10.218 [restartedMain] INFO  c.h.f.FlightManagementApplication - No active profile set, falling back to 1 default profile: "default"
14:26:12.363 [restartedMain] INFO  com.zaxxer.hikari.HikariDataSource - HikariPool-4 - Starting...
14:26:12.438 [restartedMain] INFO  com.zaxxer.hikari.pool.HikariPool - HikariPool-4 - Added connection com.mysql.cj.jdbc.ConnectionImpl@770deb59
14:26:12.439 [restartedMain] INFO  com.zaxxer.hikari.HikariDataSource - HikariPool-4 - Start completed.
14:26:15.249 [restartedMain] INFO  c.h.f.FlightManagementApplication - Started FlightManagementApplication in 5.217 seconds (process running for 13717.638)
14:27:07.886 [Thread-15] INFO  com.zaxxer.hikari.HikariDataSource - HikariPool-4 - Shutdown initiated...
14:27:08.035 [Thread-15] INFO  com.zaxxer.hikari.HikariDataSource - HikariPool-4 - Shutdown completed.
14:27:10.237 [restartedMain] INFO  c.h.f.FlightManagementApplication - Starting FlightManagementApplication using Java 20.0.1 with PID 2196 (D:\STS(Extract)\STS-Workplace\FlightManagement\target\classes started by moham in D:\STS(Extract)\STS-Workplace\FlightManagement)
14:27:10.237 [restartedMain] INFO  c.h.f.FlightManagementApplication - No active profile set, falling back to 1 default profile: "default"
14:27:12.329 [restartedMain] INFO  com.zaxxer.hikari.HikariDataSource - HikariPool-5 - Starting...
14:27:12.395 [restartedMain] INFO  com.zaxxer.hikari.pool.HikariPool - HikariPool-5 - Added connection com.mysql.cj.jdbc.ConnectionImpl@5eacac21
14:27:12.395 [restartedMain] INFO  com.zaxxer.hikari.HikariDataSource - HikariPool-5 - Start completed.
14:27:15.315 [restartedMain] INFO  c.h.f.FlightManagementApplication - Started FlightManagementApplication in 5.165 seconds (process running for 13777.704)
14:27:42.842 [Thread-19] INFO  com.zaxxer.hikari.HikariDataSource - HikariPool-5 - Shutdown initiated...
14:27:42.853 [Thread-19] INFO  com.zaxxer.hikari.HikariDataSource - HikariPool-5 - Shutdown completed.
14:27:43.041 [restartedMain] INFO  c.h.f.FlightManagementApplication - Starting FlightManagementApplication using Java 20.0.1 with PID 2196 (D:\STS(Extract)\STS-Workplace\FlightManagement\target\classes started by moham in D:\STS(Extract)\STS-Workplace\FlightManagement)
14:27:43.042 [restartedMain] INFO  c.h.f.FlightManagementApplication - No active profile set, falling back to 1 default profile: "default"
14:27:44.325 [restartedMain] INFO  com.zaxxer.hikari.HikariDataSource - HikariPool-6 - Starting...
14:27:44.390 [restartedMain] INFO  com.zaxxer.hikari.pool.HikariPool - HikariPool-6 - Added connection com.mysql.cj.jdbc.ConnectionImpl@2c542c39
14:27:44.391 [restartedMain] INFO  com.zaxxer.hikari.HikariDataSource - HikariPool-6 - Start completed.
14:27:46.659 [restartedMain] INFO  c.h.f.FlightManagementApplication - Started FlightManagementApplication in 3.693 seconds (process running for 13809.048)
14:28:00.580 [Thread-25] INFO  com.zaxxer.hikari.HikariDataSource - HikariPool-6 - Shutdown initiated...
14:28:00.592 [Thread-25] INFO  com.zaxxer.hikari.HikariDataSource - HikariPool-6 - Shutdown completed.
14:28:00.800 [restartedMain] INFO  c.h.f.FlightManagementApplication - Starting FlightManagementApplication using Java 20.0.1 with PID 2196 (D:\STS(Extract)\STS-Workplace\FlightManagement\target\classes started by moham in D:\STS(Extract)\STS-Workplace\FlightManagement)
14:28:00.802 [restartedMain] INFO  c.h.f.FlightManagementApplication - No active profile set, falling back to 1 default profile: "default"
14:28:01.897 [restartedMain] INFO  com.zaxxer.hikari.HikariDataSource - HikariPool-7 - Starting...
14:28:01.950 [restartedMain] INFO  com.zaxxer.hikari.pool.HikariPool - HikariPool-7 - Added connection com.mysql.cj.jdbc.ConnectionImpl@465c68bc
14:28:01.951 [restartedMain] INFO  com.zaxxer.hikari.HikariDataSource - HikariPool-7 - Start completed.
14:28:04.063 [restartedMain] INFO  c.h.f.FlightManagementApplication - Started FlightManagementApplication in 3.334 seconds (process running for 13826.452)
14:31:31.115 [Thread-29] INFO  com.zaxxer.hikari.HikariDataSource - HikariPool-7 - Shutdown initiated...
14:31:31.161 [Thread-29] INFO  com.zaxxer.hikari.HikariDataSource - HikariPool-7 - Shutdown completed.
14:31:31.587 [restartedMain] INFO  c.h.f.FlightManagementApplication - Starting FlightManagementApplication using Java 20.0.1 with PID 2196 (D:\STS(Extract)\STS-Workplace\FlightManagement\target\classes started by moham in D:\STS(Extract)\STS-Workplace\FlightManagement)
14:31:31.589 [restartedMain] INFO  c.h.f.FlightManagementApplication - No active profile set, falling back to 1 default profile: "default"
14:31:32.755 [restartedMain] INFO  com.zaxxer.hikari.HikariDataSource - HikariPool-8 - Starting...
14:31:32.803 [restartedMain] INFO  com.zaxxer.hikari.pool.HikariPool - HikariPool-8 - Added connection com.mysql.cj.jdbc.ConnectionImpl@45e4a487
14:31:32.803 [restartedMain] INFO  com.zaxxer.hikari.HikariDataSource - HikariPool-8 - Start completed.
14:31:35.055 [restartedMain] INFO  c.h.f.FlightManagementApplication - Started FlightManagementApplication in 3.66 seconds (process running for 14037.444)
14:58:14.182 [http-nio-8080-exec-3] INFO  c.h.f.services.UserService - User: User(userId=some@none.com, firstName=some, lastName=none, mobileNo=123456789, password=nonesome)
16:03:34.015 [http-nio-8080-exec-1] ERROR c.h.f.services.UserService - Invalid User Id
16:03:56.312 [http-nio-8080-exec-8] INFO  c.h.f.services.UserService - User: User(userId=some@none.com, firstName=some, lastName=none, mobileNo=123456789, password=nonesome)
16:04:15.450 [http-nio-8080-exec-10] INFO  c.h.f.services.UserService - User: User(userId=some@none.com, firstName=some, lastName=none, mobileNo=123456789, password=nonesome)
16:04:37.245 [http-nio-8080-exec-4] INFO  c.h.f.services.UserService - User: User(userId=some@none.com, firstName=some, lastName=none, mobileNo=123456789, password=nonesome)
16:05:31.206 [http-nio-8080-exec-6] INFO  c.h.f.services.UserService - User: User(userId=some@none.com, firstName=some, lastName=none, mobileNo=123456789, password=nonesome)
16:06:02.941 [http-nio-8080-exec-4] INFO  c.h.f.services.UserService - User: User(userId=some@none.com, firstName=some, lastName=none, mobileNo=123456789, password=nonesome)
16:07:46.406 [http-nio-8080-exec-4] INFO  c.h.f.services.UserService - User: User(userId=some@none.com, firstName=some, lastName=none, mobileNo=123456789, password=nonesome)
16:09:17.614 [http-nio-8080-exec-7] INFO  c.h.f.services.UserService - User: User(userId=some@none.com, firstName=some, lastName=none, mobileNo=123456789, password=nonesome)
16:09:30.496 [http-nio-8080-exec-3] INFO  c.h.f.services.UserService - User: User(userId=some@none.com, firstName=some, lastName=none, mobileNo=123456789, password=nonesome)
16:10:35.204 [http-nio-8080-exec-8] INFO  c.h.f.services.UserService - User: User(userId=some@none.com, firstName=some, lastName=none, mobileNo=123456789, password=nonesome)
16:13:16.621 [http-nio-8080-exec-10] ERROR c.h.f.services.UserService - Invalid Password
17:16:23.762 [http-nio-8080-exec-10] INFO  c.h.f.services.UserService - User: User(userId=some@none.com, firstName=some, lastName=none, mobileNo=123456789, password=nonesome)
17:17:10.672 [http-nio-8080-exec-1] ERROR c.h.f.services.UserService - Invalid User Id
17:18:29.770 [http-nio-8080-exec-5] INFO  c.h.f.services.UserService - User: User(userId=some@none.com, firstName=some, lastName=none, mobileNo=123456789, password=nonesome)
17:23:38.114 [http-nio-8080-exec-5] INFO  c.h.f.services.UserService - User: User(userId=some@none.com, firstName=some, lastName=none, mobileNo=123456789, password=nonesome)
17:24:41.273 [http-nio-8080-exec-5] INFO  c.h.f.services.UserService - User: User(userId=some@none.com, firstName=some, lastName=none, mobileNo=123456789, password=nonesome)
17:25:44.522 [http-nio-8080-exec-10] INFO  c.h.f.services.UserService - User: User(userId=some@none.com, firstName=some, lastName=none, mobileNo=123456789, password=nonesome)
17:29:04.713 [http-nio-8080-exec-5] INFO  c.h.f.services.UserService - User: User(userId=some@none.com, firstName=some, lastName=none, mobileNo=123456789, password=nonesome)
17:30:18.414 [http-nio-8080-exec-10] INFO  c.h.f.services.UserService - User: User(userId=some@none.com, firstName=some, lastName=none, mobileNo=123456789, password=nonesome)
17:33:58.356 [http-nio-8080-exec-2] INFO  c.h.f.services.UserService - User: User(userId=some@none.com, firstName=some, lastName=none, mobileNo=123456789, password=nonesome)
17:36:32.665 [http-nio-8080-exec-8] INFO  c.h.f.services.UserService - User: User(userId=some@none.com, firstName=some, lastName=none, mobileNo=123456789, password=nonesome)
17:36:57.473 [http-nio-8080-exec-6] INFO  c.h.f.services.UserService - User: User(userId=some@none.com, firstName=some, lastName=none, mobileNo=123456789, password=nonesome)
17:38:03.491 [http-nio-8080-exec-5] INFO  c.h.f.services.UserService - User: User(userId=some@none.com, firstName=some, lastName=none, mobileNo=123456789, password=nonesome)
17:38:23.743 [http-nio-8080-exec-2] INFO  c.h.f.services.UserService - User: User(userId=some@none.com, firstName=some, lastName=none, mobileNo=123456789, password=nonesome)
17:41:45.477 [http-nio-8080-exec-8] INFO  c.h.f.services.UserService - User: User(userId=some@none.com, firstName=some, lastName=none, mobileNo=123456789, password=nonesome)
19:58:46.220 [HikariPool-8 housekeeper] WARN  com.zaxxer.hikari.pool.HikariPool - HikariPool-8 - Thread starvation or clock leap detected (housekeeper delta=1h52m11s154ms125µs).
20:31:15.240 [HikariPool-8 housekeeper] WARN  com.zaxxer.hikari.pool.HikariPool - HikariPool-8 - Thread starvation or clock leap detected (housekeeper delta=3m58s614ms962µs200ns).
20:55:59.272 [http-nio-8080-exec-3] INFO  c.h.f.services.FlightService - No of Flights found: 1
20:56:18.460 [http-nio-8080-exec-1] INFO  c.h.f.services.FlightService - No of Flights found: 1
20:56:26.418 [http-nio-8080-exec-9] INFO  c.h.f.services.FlightService - No of Flights found: 1
20:56:33.503 [http-nio-8080-exec-6] INFO  c.h.f.services.FlightService - No of Flights found: 1
20:56:42.636 [http-nio-8080-exec-5] INFO  c.h.f.services.FlightService - No of Flights found: 1
00:09:01.326 [HikariPool-8 housekeeper] WARN  com.zaxxer.hikari.pool.HikariPool - HikariPool-8 - Thread starvation or clock leap detected (housekeeper delta=2h55m15s353ms668µs200ns).
00:52:39.490 [HikariPool-8 housekeeper] WARN  com.zaxxer.hikari.pool.HikariPool - HikariPool-8 - Thread starvation or clock leap detected (housekeeper delta=2m7s603ms876µs900ns).
01:18:55.696 [HikariPool-8 housekeeper] WARN  com.zaxxer.hikari.pool.HikariPool - HikariPool-8 - Thread starvation or clock leap detected (housekeeper delta=45s759ms974µs800ns).
09:45:25.878 [HikariPool-8 housekeeper] WARN  com.zaxxer.hikari.pool.HikariPool - HikariPool-8 - Thread starvation or clock leap detected (housekeeper delta=8h21m1s694ms291µs600ns).
10:14:11.198 [HikariPool-8 housekeeper] WARN  com.zaxxer.hikari.pool.HikariPool - HikariPool-8 - Thread starvation or clock leap detected (housekeeper delta=18m45s244ms202µs).
10:19:10.831 [http-nio-8080-exec-7] INFO  c.h.f.services.FlightService - No of Flights found: 1
10:19:20.314 [http-nio-8080-exec-9] INFO  c.h.f.services.FlightService - No of Flights found: 1
10:19:35.020 [http-nio-8080-exec-6] INFO  c.h.f.services.FlightService - No of Flights found: 1
10:24:44.154 [http-nio-8080-exec-5] INFO  c.h.f.services.FlightService - No of Flights found: 1
10:24:53.597 [http-nio-8080-exec-7] INFO  c.h.f.services.FlightService - No of Flights found: 1
10:30:36.110 [http-nio-8080-exec-10] INFO  c.h.f.services.FlightService - No of Flights found: 1
10:30:58.970 [http-nio-8080-exec-3] INFO  c.h.f.services.UserService - User: User(userId=some@none.com, firstName=some, lastName=none, mobileNo=123456789, password=nonesome)
10:30:59.002 [http-nio-8080-exec-4] INFO  c.h.f.services.FlightService - No of Flights found: 1
10:31:10.087 [http-nio-8080-exec-1] INFO  c.h.f.services.FlightService - No of Flights found: 1
10:32:08.772 [http-nio-8080-exec-7] INFO  c.h.f.services.FlightService - No of Flights found: 1
10:47:09.666 [HikariPool-8 housekeeper] WARN  com.zaxxer.hikari.pool.HikariPool - HikariPool-8 - Thread starvation or clock leap detected (housekeeper delta=57s992ms830µs).
11:42:02.406 [HikariPool-8 housekeeper] WARN  com.zaxxer.hikari.pool.HikariPool - HikariPool-8 - Thread starvation or clock leap detected (housekeeper delta=34m52s399ms180µs100ns).
14:41:53.592 [HikariPool-8 housekeeper] WARN  com.zaxxer.hikari.pool.HikariPool - HikariPool-8 - Thread starvation or clock leap detected (housekeeper delta=2h30m50s747ms99µs700ns).
15:37:19.305 [HikariPool-8 housekeeper] WARN  com.zaxxer.hikari.pool.HikariPool - HikariPool-8 - Thread starvation or clock leap detected (housekeeper delta=34m25s379ms384µs700ns).
16:57:53.841 [HikariPool-8 housekeeper] WARN  com.zaxxer.hikari.pool.HikariPool - HikariPool-8 - Thread starvation or clock leap detected (housekeeper delta=3m33s324ms326µs700ns).
17:09:56.764 [http-nio-8080-exec-2] INFO  c.h.f.services.FlightService - No of Flights found: 1
17:10:02.974 [http-nio-8080-exec-10] INFO  c.h.f.services.FlightService - No of Flights found: 1
17:10:22.744 [http-nio-8080-exec-6] INFO  c.h.f.services.FlightService - No of Flights found: 1
17:11:49.591 [http-nio-8080-exec-4] INFO  c.h.f.services.FlightService - No of Flights found: 1
06:11:50.224 [HikariPool-8 housekeeper] WARN  com.zaxxer.hikari.pool.HikariPool - HikariPool-8 - Thread starvation or clock leap detected (housekeeper delta=12h49m57s674ms568µs600ns).
06:48:26.202 [http-nio-8080-exec-1] INFO  c.h.f.services.FlightService - No of Flights found: 1
06:53:22.003 [http-nio-8080-exec-7] INFO  c.h.f.services.FlightService - No of Flights found: 1
06:53:33.599 [http-nio-8080-exec-2] INFO  c.h.f.services.UserService - User: User(userId=some@none.com, firstName=some, lastName=none, mobileNo=123456789, password=nonesome)
06:55:32.035 [http-nio-8080-exec-6] INFO  c.h.f.services.FlightService - No of Flights found: 1
06:55:43.292 [http-nio-8080-exec-3] INFO  c.h.f.services.UserService - User: User(userId=some@none.com, firstName=some, lastName=none, mobileNo=123456789, password=nonesome)
06:56:41.131 [http-nio-8080-exec-4] INFO  c.h.f.services.FlightService - No of Flights found: 1
06:56:52.496 [http-nio-8080-exec-5] INFO  c.h.f.services.UserService - User: User(userId=some@none.com, firstName=some, lastName=none, mobileNo=123456789, password=nonesome)
06:58:51.762 [http-nio-8080-exec-9] INFO  c.h.f.services.FlightService - No of Flights found: 1
06:59:10.056 [http-nio-8080-exec-10] INFO  c.h.f.services.UserService - User: User(userId=some@none.com, firstName=some, lastName=none, mobileNo=123456789, password=nonesome)
07:07:36.598 [http-nio-8080-exec-3] INFO  c.h.f.services.FlightService - No of Flights found: 1
07:14:58.402 [http-nio-8080-exec-5] INFO  c.h.f.services.FlightService - No of Flights found: 1
07:15:07.164 [http-nio-8080-exec-8] INFO  c.h.f.services.UserService - User: User(userId=some@none.com, firstName=some, lastName=none, mobileNo=123456789, password=nonesome)
07:16:59.824 [http-nio-8080-exec-9] INFO  c.h.f.services.FlightService - No of Flights found: 1
07:17:10.028 [http-nio-8080-exec-10] INFO  c.h.f.services.UserService - User: User(userId=some@none.com, firstName=some, lastName=none, mobileNo=123456789, password=nonesome)
09:55:07.075 [HikariPool-8 housekeeper] WARN  com.zaxxer.hikari.pool.HikariPool - HikariPool-8 - Thread starvation or clock leap detected (housekeeper delta=2h20m15s197ms104µs300ns).
10:48:29.710 [HikariPool-8 housekeeper] WARN  com.zaxxer.hikari.pool.HikariPool - HikariPool-8 - Thread starvation or clock leap detected (housekeeper delta=36m52s376ms126µs700ns).
12:15:02.495 [HikariPool-8 housekeeper] WARN  com.zaxxer.hikari.pool.HikariPool - HikariPool-8 - Thread starvation or clock leap detected (housekeeper delta=43m32s359ms268µs800ns).
16:10:32.751 [HikariPool-8 housekeeper] WARN  com.zaxxer.hikari.pool.HikariPool - HikariPool-8 - Thread starvation or clock leap detected (housekeeper delta=3h29s416ms103µs).
20:25:23.153 [HikariPool-8 housekeeper] WARN  com.zaxxer.hikari.pool.HikariPool - HikariPool-8 - Thread starvation or clock leap detected (housekeeper delta=4h14m51s901ms314µs400ns).
20:48:45.489 [HikariPool-8 housekeeper] WARN  com.zaxxer.hikari.pool.HikariPool - HikariPool-8 - Thread starvation or clock leap detected (housekeeper delta=2m52s37ms134µs300ns).
21:12:47.977 [HikariPool-8 housekeeper] WARN  com.zaxxer.hikari.pool.HikariPool - HikariPool-8 - Thread starvation or clock leap detected (housekeeper delta=24m2s516ms126µs).
00:35:25.778 [HikariPool-8 housekeeper] WARN  com.zaxxer.hikari.pool.HikariPool - HikariPool-8 - Thread starvation or clock leap detected (housekeeper delta=3h10m39s169ms753µs800ns).
00:44:46.700 [HikariPool-8 housekeeper] WARN  com.zaxxer.hikari.pool.HikariPool - HikariPool-8 - Thread starvation or clock leap detected (housekeeper delta=7m20s918ms951µs400ns).
01:12:44.780 [HikariPool-8 housekeeper] WARN  com.zaxxer.hikari.pool.HikariPool - HikariPool-8 - Thread starvation or clock leap detected (housekeeper delta=6m27s760ms865µs900ns).
02:01:48.124 [HikariPool-8 housekeeper] WARN  com.zaxxer.hikari.pool.HikariPool - HikariPool-8 - Thread starvation or clock leap detected (housekeeper delta=25m33s52ms322µs700ns).
10:59:27.358 [HikariPool-8 housekeeper] WARN  com.zaxxer.hikari.pool.HikariPool - HikariPool-8 - Thread starvation or clock leap detected (housekeeper delta=8h30m10s464ms4µs300ns).
11:37:28.367 [HikariPool-8 housekeeper] WARN  com.zaxxer.hikari.pool.HikariPool - HikariPool-8 - Thread starvation or clock leap detected (housekeeper delta=13m30s688ms9µs799ns).
12:52:15.142 [HikariPool-8 housekeeper] WARN  com.zaxxer.hikari.pool.HikariPool - HikariPool-8 - Thread starvation or clock leap detected (housekeeper delta=1m15s651ms73µs).
15:14:04.566 [HikariPool-8 housekeeper] WARN  com.zaxxer.hikari.pool.HikariPool - HikariPool-8 - Thread starvation or clock leap detected (housekeeper delta=1h59m49s89ms173µs500ns).
15:22:02.626 [http-nio-8080-exec-3] INFO  c.h.f.services.FlightService - No of Flights found: 1
15:25:18.547 [http-nio-8080-exec-5] INFO  c.h.f.services.FlightService - No of Flights found: 1
15:25:30.918 [http-nio-8080-exec-1] INFO  c.h.f.services.UserService - User: User(userId=some@none.com, firstName=some, lastName=none, mobileNo=123456789, password=nonesome)
15:25:49.938 [http-nio-8080-exec-8] INFO  c.h.f.services.FlightService - No of Flights found: 1
15:26:02.661 [http-nio-8080-exec-7] INFO  c.h.f.services.UserService - User: User(userId=some@none.com, firstName=some, lastName=none, mobileNo=123456789, password=nonesome)
15:27:34.212 [http-nio-8080-exec-2] INFO  c.h.f.services.FlightService - No of Flights found: 1
15:29:58.572 [http-nio-8080-exec-6] INFO  c.h.f.services.FlightService - No of Flights found: 1
15:30:10.380 [http-nio-8080-exec-3] INFO  c.h.f.services.UserService - User: User(userId=some@none.com, firstName=some, lastName=none, mobileNo=123456789, password=nonesome)
15:30:16.821 [http-nio-8080-exec-4] INFO  c.h.f.services.FlightService - No of Flights found: 1
15:30:29.582 [http-nio-8080-exec-5] INFO  c.h.f.services.FlightService - No of Flights found: 1
09:01:55.133 [HikariPool-8 housekeeper] WARN  com.zaxxer.hikari.pool.HikariPool - HikariPool-8 - Thread starvation or clock leap detected (housekeeper delta=17h31m22s89ms623µs901ns).
09:25:33.408 [http-nio-8080-exec-8] INFO  c.h.f.services.FlightService - No of Flights found: 1
09:25:47.200 [http-nio-8080-exec-7] INFO  c.h.f.services.UserService - User: User(userId=some@none.com, firstName=some, lastName=none, mobileNo=123456789, password=nonesome)
09:25:55.035 [http-nio-8080-exec-9] INFO  c.h.f.services.FlightService - No of Flights found: 1
09:38:09.395 [http-nio-8080-exec-10] INFO  c.h.f.services.FlightService - No of Flights found: 1
09:40:16.307 [http-nio-8080-exec-3] INFO  c.h.f.services.FlightService - No of Flights found: 1
10:11:01.505 [HikariPool-8 housekeeper] WARN  com.zaxxer.hikari.pool.HikariPool - HikariPool-8 - Thread starvation or clock leap detected (housekeeper delta=14m7s827ms524µs900ns).
10:21:07.089 [http-nio-8080-exec-5] INFO  c.h.f.services.FlightService - No of Flights found: 1
10:21:41.217 [http-nio-8080-exec-7] INFO  c.h.f.services.UserService - User Registered Successfully with user id: has21@123
10:28:49.284 [http-nio-8080-exec-9] INFO  c.h.f.services.FlightService - No of Flights found: 1
10:40:16.893 [http-nio-8080-exec-10] INFO  c.h.f.services.FlightService - No of Flights found: 1
11:31:08.693 [HikariPool-8 housekeeper] WARN  com.zaxxer.hikari.pool.HikariPool - HikariPool-8 - Thread starvation or clock leap detected (housekeeper delta=5m36s27ms289µs300ns).
13:18:30.681 [HikariPool-8 housekeeper] WARN  com.zaxxer.hikari.pool.HikariPool - HikariPool-8 - Thread starvation or clock leap detected (housekeeper delta=2m50s536ms568µs300ns).
14:04:12.378 [HikariPool-8 housekeeper] WARN  com.zaxxer.hikari.pool.HikariPool - HikariPool-8 - Thread starvation or clock leap detected (housekeeper delta=40m11s615ms804µs).
14:41:08.317 [http-nio-8080-exec-3] INFO  c.h.f.services.FlightService - No of Flights found: 1
14:42:46.601 [http-nio-8080-exec-5] INFO  c.h.f.services.FlightService - No of Flights found: 1
14:42:58.276 [http-nio-8080-exec-8] INFO  c.h.f.services.UserService - User: User(userId=some@none.com, firstName=some, lastName=none, mobileNo=123456789, password=nonesome)
14:43:18.534 [http-nio-8080-exec-9] INFO  c.h.f.services.FlightService - No of Flights found: 1
14:46:37.293 [http-nio-8080-exec-10] INFO  c.h.f.services.FlightService - No of Flights found: 1
14:49:25.223 [http-nio-8080-exec-4] INFO  c.h.f.services.FlightService - No of Flights found: 1
14:58:06.587 [http-nio-8080-exec-1] INFO  c.h.f.services.FlightService - No of Flights found: 1
14:58:53.806 [http-nio-8080-exec-7] INFO  c.h.f.services.FlightService - No of Flights found: 1
14:59:17.618 [http-nio-8080-exec-2] INFO  c.h.f.services.FlightService - No of Flights found: 1
15:04:05.112 [http-nio-8080-exec-6] INFO  c.h.f.services.FlightService - No of Flights found: 1
15:04:30.141 [http-nio-8080-exec-4] INFO  c.h.f.services.FlightService - No of Flights found: 1
15:04:42.181 [http-nio-8080-exec-1] INFO  c.h.f.services.UserService - User: User(userId=some@none.com, firstName=some, lastName=none, mobileNo=123456789, password=nonesome)
15:04:51.331 [http-nio-8080-exec-7] INFO  c.h.f.services.FlightService - No of Flights found: 1
15:05:28.107 [http-nio-8080-exec-2] INFO  c.h.f.services.FlightService - No of Flights found: 1
15:05:49.966 [http-nio-8080-exec-6] INFO  c.h.f.services.FlightService - No of Flights found: 1
15:06:49.531 [http-nio-8080-exec-4] INFO  c.h.f.services.FlightService - No of Flights found: 1
15:12:08.386 [http-nio-8080-exec-1] INFO  c.h.f.services.FlightService - No of Flights found: 1
15:12:19.995 [http-nio-8080-exec-7] INFO  c.h.f.services.UserService - User: User(userId=some@none.com, firstName=some, lastName=none, mobileNo=123456789, password=nonesome)
15:17:46.454 [http-nio-8080-exec-2] INFO  c.h.f.services.FlightService - No of Flights found: 1
15:28:56.784 [http-nio-8080-exec-6] INFO  c.h.f.services.FlightService - No of Flights found: 1
15:29:08.685 [http-nio-8080-exec-4] INFO  c.h.f.services.UserService - User: User(userId=some@none.com, firstName=some, lastName=none, mobileNo=123456789, password=nonesome)
15:29:43.337 [http-nio-8080-exec-1] INFO  c.h.f.services.FlightService - No of Flights found: 1
15:30:48.830 [Thread-33] INFO  com.zaxxer.hikari.HikariDataSource - HikariPool-8 - Shutdown initiated...
15:30:48.869 [Thread-33] INFO  com.zaxxer.hikari.HikariDataSource - HikariPool-8 - Shutdown completed.
15:30:50.015 [restartedMain] INFO  c.h.f.FlightManagementApplication - Starting FlightManagementApplication using Java 20.0.1 with PID 2196 (D:\STS(Extract)\STS-Workplace\FlightManagement\target\classes started by moham in D:\STS(Extract)\STS-Workplace\FlightManagement)
15:30:50.016 [restartedMain] INFO  c.h.f.FlightManagementApplication - No active profile set, falling back to 1 default profile: "default"
15:30:52.121 [restartedMain] INFO  com.zaxxer.hikari.HikariDataSource - HikariPool-9 - Starting...
15:30:52.177 [restartedMain] INFO  com.zaxxer.hikari.pool.HikariPool - HikariPool-9 - Added connection com.mysql.cj.jdbc.ConnectionImpl@199f428b
15:30:52.178 [restartedMain] INFO  com.zaxxer.hikari.HikariDataSource - HikariPool-9 - Start completed.
15:30:54.802 [restartedMain] INFO  c.h.f.FlightManagementApplication - Started FlightManagementApplication in 5.142 seconds (process running for 363211.681)
15:31:41.407 [http-nio-8080-exec-1] INFO  c.h.f.services.FlightService - No of Flights found: 1
15:38:00.697 [http-nio-8080-exec-5] INFO  c.h.f.services.FlightService - No of Flights found: 1
15:46:18.485 [http-nio-8080-exec-9] INFO  c.h.f.services.FlightService - No of Flights found: 1
15:46:48.287 [http-nio-8080-exec-2] INFO  c.h.f.services.FlightService - No of Flights found: 1
15:47:25.341 [http-nio-8080-exec-5] INFO  c.h.f.services.UserService - User Registered Successfully with user id: asas@gmail
15:50:19.347 [http-nio-8080-exec-7] INFO  c.h.f.services.FlightService - No of Flights found: 1
15:50:49.404 [http-nio-8080-exec-9] INFO  c.h.f.services.UserService - User Registered Successfully with user id: sada@as
15:51:06.127 [http-nio-8080-exec-10] INFO  c.h.f.services.UserService - User: User(userId=sada@as, firstName=sada, lastName=sasd, mobileNo=1233445, password=sasa)
16:00:15.349 [http-nio-8080-exec-3] INFO  c.h.f.services.FlightService - No of Flights found: 1
16:00:33.253 [http-nio-8080-exec-4] INFO  c.h.f.services.UserService - User: User(userId=some@none.com, firstName=some, lastName=none, mobileNo=123456789, password=nonesome)
16:09:36.921 [http-nio-8080-exec-2] INFO  c.h.f.services.FlightService - No of Flights found: 1
16:10:35.986 [http-nio-8080-exec-5] INFO  c.h.f.services.FlightService - No of Flights found: 1
16:11:32.891 [http-nio-8080-exec-4] INFO  c.h.f.services.FlightService - No of Flights found: 1
16:11:48.575 [http-nio-8080-exec-8] INFO  c.h.f.services.UserService - User: User(userId=some@none.com, firstName=some, lastName=none, mobileNo=123456789, password=nonesome)
16:12:37.508 [http-nio-8080-exec-2] INFO  c.h.f.services.FlightService - No of Flights found: 1
16:12:51.945 [http-nio-8080-exec-3] INFO  c.h.f.services.FlightService - No of Flights found: 1
16:13:03.746 [http-nio-8080-exec-6] INFO  c.h.f.services.UserService - User: User(userId=some@none.com, firstName=some, lastName=none, mobileNo=123456789, password=nonesome)
16:14:39.274 [http-nio-8080-exec-9] INFO  c.h.f.services.FlightService - No of Flights found: 1
16:28:39.303 [http-nio-8080-exec-1] INFO  c.h.f.services.FlightService - No of Flights found: 1
16:30:13.045 [http-nio-8080-exec-10] INFO  c.h.f.services.FlightService - No of Flights found: 1
16:37:18.582 [http-nio-8080-exec-5] INFO  c.h.f.services.FlightService - No of Flights found: 1
16:38:49.734 [http-nio-8080-exec-7] INFO  c.h.f.services.FlightService - No of Flights found: 1
16:41:09.532 [http-nio-8080-exec-8] INFO  c.h.f.services.FlightService - No of Flights found: 1
16:42:43.381 [http-nio-8080-exec-10] INFO  c.h.f.services.FlightService - No of Flights found: 1
16:43:43.416 [http-nio-8080-exec-5] INFO  c.h.f.services.FlightService - No of Flights found: 1
16:44:51.285 [http-nio-8080-exec-7] INFO  c.h.f.services.FlightService - No of Flights found: 1
16:57:23.087 [HikariPool-9 housekeeper] WARN  com.zaxxer.hikari.pool.HikariPool - HikariPool-9 - Thread starvation or clock leap detected (housekeeper delta=2m28s573ms57µs400ns).
17:05:45.783 [http-nio-8080-exec-9] INFO  c.h.f.services.FlightService - No of Flights found: 1
17:06:14.237 [http-nio-8080-exec-1] INFO  c.h.f.c.ReservationController - Inside makeReservation()
17:06:14.414 [http-nio-8080-exec-1] INFO  c.h.f.services.FlightService - Flight: Flight(flightId=B1208, operatingAirlines=Air Asia, departureCity=Bangalore, arrivalCity=Kolkata, noOfSeatsBusiness=10, noOfSeatsEconomy=20, fareBusiness=8000, fareEconomy=4000)
17:06:14.414 [http-nio-8080-exec-1] INFO  c.h.f.services.ReservationService - Flight: Flight(flightId=B1208, operatingAirlines=Air Asia, departureCity=Bangalore, arrivalCity=Kolkata, noOfSeatsBusiness=10, noOfSeatsEconomy=20, fareBusiness=8000, fareEconomy=4000)
17:06:14.417 [http-nio-8080-exec-1] INFO  c.h.f.services.ReservationService - List of Passengers: [Passenger(passengerId=0, firstName=Has, lastName=has, email=mohammadhashir0786@gmail.com, phone=null)]
17:06:14.429 [http-nio-8080-exec-1] INFO  c.h.f.services.UserService - User: User(userId=some@none.com, firstName=some, lastName=none, mobileNo=123456789, password=nonesome)
17:06:14.429 [http-nio-8080-exec-1] INFO  c.h.f.services.ReservationService - User: User(userId=some@none.com, firstName=some, lastName=none, mobileNo=123456789, password=nonesome)
17:06:14.431 [http-nio-8080-exec-1] INFO  c.h.f.services.ReservationService - Total fare: 21160.0
17:18:06.467 [http-nio-8080-exec-10] INFO  c.h.f.services.FlightService - No of Flights found: 1
17:18:16.551 [http-nio-8080-exec-5] INFO  c.h.f.services.UserService - User: User(userId=some@none.com, firstName=some, lastName=none, mobileNo=123456789, password=nonesome)
17:19:09.717 [http-nio-8080-exec-4] INFO  c.h.f.c.ReservationController - Inside makeReservation()
17:19:09.727 [http-nio-8080-exec-4] INFO  c.h.f.services.FlightService - Flight: Flight(flightId=B1208, operatingAirlines=Air Asia, departureCity=Bangalore, arrivalCity=Kolkata, noOfSeatsBusiness=10, noOfSeatsEconomy=20, fareBusiness=8000, fareEconomy=4000)
17:19:09.727 [http-nio-8080-exec-4] INFO  c.h.f.services.ReservationService - Flight: Flight(flightId=B1208, operatingAirlines=Air Asia, departureCity=Bangalore, arrivalCity=Kolkata, noOfSeatsBusiness=10, noOfSeatsEconomy=20, fareBusiness=8000, fareEconomy=4000)
17:19:09.727 [http-nio-8080-exec-4] INFO  c.h.f.services.ReservationService - List of Passengers: [Passenger(passengerId=0, firstName=sad, lastName=23, email=sadss, phone=null)]
17:19:09.733 [http-nio-8080-exec-4] INFO  c.h.f.services.UserService - User: User(userId=some@none.com, firstName=some, lastName=none, mobileNo=123456789, password=nonesome)
17:19:09.733 [http-nio-8080-exec-4] INFO  c.h.f.services.ReservationService - User: User(userId=some@none.com, firstName=some, lastName=none, mobileNo=123456789, password=nonesome)
17:19:09.733 [http-nio-8080-exec-4] INFO  c.h.f.services.ReservationService - Total fare: 21160.0
17:22:20.990 [http-nio-8080-exec-8] INFO  c.h.f.services.FlightService - No of Flights found: 1
17:22:29.738 [http-nio-8080-exec-1] INFO  c.h.f.services.UserService - User: User(userId=some@none.com, firstName=some, lastName=none, mobileNo=123456789, password=nonesome)
17:23:17.893 [http-nio-8080-exec-10] INFO  c.h.f.services.FlightService - No of Flights found: 1
17:24:54.695 [http-nio-8080-exec-5] INFO  c.h.f.services.FlightService - No of Flights found: 1
17:26:02.433 [http-nio-8080-exec-7] INFO  c.h.f.services.FlightService - No of Flights found: 1
17:27:12.020 [http-nio-8080-exec-9] INFO  c.h.f.services.FlightService - No of Flights found: 1
17:28:06.960 [http-nio-8080-exec-8] INFO  c.h.f.services.FlightService - No of Flights found: 1
17:28:59.991 [http-nio-8080-exec-1] INFO  c.h.f.services.FlightService - No of Flights found: 1
17:29:46.018 [http-nio-8080-exec-2] INFO  c.h.f.services.FlightService - No of Flights found: 1
17:29:54.829 [http-nio-8080-exec-3] INFO  c.h.f.services.UserService - User: User(userId=some@none.com, firstName=some, lastName=none, mobileNo=123456789, password=nonesome)
17:30:19.268 [http-nio-8080-exec-6] INFO  c.h.f.c.ReservationController - Inside makeReservation()
17:30:19.279 [http-nio-8080-exec-6] INFO  c.h.f.services.FlightService - Flight: Flight(flightId=B1208, operatingAirlines=Air Asia, departureCity=Bangalore, arrivalCity=Kolkata, noOfSeatsBusiness=10, noOfSeatsEconomy=20, fareBusiness=8000, fareEconomy=4000)
17:30:19.280 [http-nio-8080-exec-6] INFO  c.h.f.services.ReservationService - Flight: Flight(flightId=B1208, operatingAirlines=Air Asia, departureCity=Bangalore, arrivalCity=Kolkata, noOfSeatsBusiness=10, noOfSeatsEconomy=20, fareBusiness=8000, fareEconomy=4000)
17:30:19.280 [http-nio-8080-exec-6] INFO  c.h.f.services.ReservationService - List of Passengers: [Passenger(passengerId=0, firstName=sasa, lastName=dsds, email=gfhf, phone=null)]
17:30:19.287 [http-nio-8080-exec-6] INFO  c.h.f.services.UserService - User: User(userId=some@none.com, firstName=some, lastName=none, mobileNo=123456789, password=nonesome)
17:30:19.288 [http-nio-8080-exec-6] INFO  c.h.f.services.ReservationService - User: User(userId=some@none.com, firstName=some, lastName=none, mobileNo=123456789, password=nonesome)
17:30:19.288 [http-nio-8080-exec-6] INFO  c.h.f.services.ReservationService - Total fare: 13160.0
17:33:04.433 [http-nio-8080-exec-4] INFO  c.h.f.services.FlightService - No of Flights found: 1
17:33:13.860 [http-nio-8080-exec-9] INFO  c.h.f.services.UserService - User: User(userId=some@none.com, firstName=some, lastName=none, mobileNo=123456789, password=nonesome)
17:35:22.235 [http-nio-8080-exec-1] INFO  c.h.f.services.FlightService - No of Flights found: 1
17:35:30.551 [http-nio-8080-exec-2] INFO  c.h.f.services.UserService - User: User(userId=some@none.com, firstName=some, lastName=none, mobileNo=123456789, password=nonesome)
17:37:00.106 [http-nio-8080-exec-3] INFO  c.h.f.services.FlightService - No of Flights found: 1
17:41:29.820 [http-nio-8080-exec-6] INFO  c.h.f.services.FlightService - No of Flights found: 1
17:43:58.489 [http-nio-8080-exec-4] INFO  c.h.f.services.FlightService - No of Flights found: 1
17:44:40.280 [http-nio-8080-exec-9] INFO  c.h.f.c.ReservationController - Inside makeReservation()
17:44:40.291 [http-nio-8080-exec-9] INFO  c.h.f.services.FlightService - Flight: Flight(flightId=G2404, operatingAirlines=Akasa Air, departureCity=Bangalore, arrivalCity=Delhi, noOfSeatsBusiness=20, noOfSeatsEconomy=30, fareBusiness=10000, fareEconomy=5000)
17:44:40.291 [http-nio-8080-exec-9] INFO  c.h.f.services.ReservationService - Flight: Flight(flightId=G2404, operatingAirlines=Akasa Air, departureCity=Bangalore, arrivalCity=Delhi, noOfSeatsBusiness=20, noOfSeatsEconomy=30, fareBusiness=10000, fareEconomy=5000)
17:44:40.291 [http-nio-8080-exec-9] INFO  c.h.f.services.ReservationService - List of Passengers: []
17:44:40.298 [http-nio-8080-exec-9] INFO  c.h.f.services.UserService - User: User(userId=some@none.com, firstName=some, lastName=none, mobileNo=123456789, password=nonesome)
17:44:40.609 [http-nio-8080-exec-9] INFO  c.h.f.services.ReservationService - User: User(userId=some@none.com, firstName=some, lastName=none, mobileNo=123456789, password=nonesome)
17:44:40.610 [http-nio-8080-exec-9] INFO  c.h.f.services.ReservationService - Total fare: 26450.0
18:50:20.537 [HikariPool-9 housekeeper] WARN  com.zaxxer.hikari.pool.HikariPool - HikariPool-9 - Thread starvation or clock leap detected (housekeeper delta=5m15s443ms878µs200ns).
21:26:20.320 [HikariPool-9 housekeeper] WARN  com.zaxxer.hikari.pool.HikariPool - HikariPool-9 - Thread starvation or clock leap detected (housekeeper delta=1h4m58s474ms914µs).
23:16:38.592 [HikariPool-9 housekeeper] WARN  com.zaxxer.hikari.pool.HikariPool - HikariPool-9 - Thread starvation or clock leap detected (housekeeper delta=1h36m48s64ms72µs900ns).
09:02:27.255 [HikariPool-9 housekeeper] WARN  com.zaxxer.hikari.pool.HikariPool - HikariPool-9 - Thread starvation or clock leap detected (housekeeper delta=8h41m19s461ms416µs700ns).
09:36:03.000 [http-nio-8080-exec-1] INFO  c.h.f.services.FlightService - No of Flights found: 1
09:37:32.026 [http-nio-8080-exec-10] INFO  c.h.f.services.UserService - User: User(userId=some@none.com, firstName=some, lastName=none, mobileNo=123456789, password=nonesome)
09:44:02.345 [http-nio-8080-exec-3] INFO  c.h.f.services.FlightService - No of Flights found: 0
09:45:06.109 [http-nio-8080-exec-7] INFO  c.h.f.services.FlightService - No of Flights found: 0
09:45:55.487 [http-nio-8080-exec-9] INFO  c.h.f.services.FlightService - No of Flights found: 1
09:49:18.108 [http-nio-8080-exec-1] INFO  c.h.f.services.FlightService - No of Flights found: 0
10:18:44.543 [http-nio-8080-exec-10] INFO  c.h.f.services.FlightService - No of Flights found: 1
10:18:56.566 [http-nio-8080-exec-3] INFO  c.h.f.services.FlightService - No of Flights found: 1
10:19:13.450 [http-nio-8080-exec-7] INFO  c.h.f.services.UserService - User: User(userId=some@none.com, firstName=some, lastName=none, mobileNo=123456789, password=nonesome)
11:07:53.373 [http-nio-8080-exec-9] INFO  c.h.f.services.UserService - User: User(userId=some@none.com, firstName=some, lastName=none, mobileNo=123456789, password=nonesome)
11:08:00.181 [http-nio-8080-exec-1] INFO  c.h.f.services.FlightService - No of Flights found: 1
11:08:47.933 [http-nio-8080-exec-5] INFO  c.h.f.c.ReservationController - Inside makeReservation()
11:08:47.943 [http-nio-8080-exec-5] INFO  c.h.f.services.FlightService - Flight: Flight(flightId=B1208, operatingAirlines=Air Asia, departureCity=Bangalore, arrivalCity=Kolkata, noOfSeatsBusiness=10, noOfSeatsEconomy=20, fareBusiness=8000, fareEconomy=4000)
11:08:47.943 [http-nio-8080-exec-5] INFO  c.h.f.services.ReservationService - Flight: Flight(flightId=B1208, operatingAirlines=Air Asia, departureCity=Bangalore, arrivalCity=Kolkata, noOfSeatsBusiness=10, noOfSeatsEconomy=20, fareBusiness=8000, fareEconomy=4000)
11:08:47.944 [http-nio-8080-exec-5] INFO  c.h.f.services.ReservationService - List of Passengers: []
11:08:47.947 [http-nio-8080-exec-5] INFO  c.h.f.services.UserService - User: User(userId=some@none.com, firstName=some, lastName=none, mobileNo=123456789, password=nonesome)
11:08:47.947 [http-nio-8080-exec-5] INFO  c.h.f.services.ReservationService - User: User(userId=some@none.com, firstName=some, lastName=none, mobileNo=123456789, password=nonesome)
11:08:47.947 [http-nio-8080-exec-5] INFO  c.h.f.services.ReservationService - Total fare: 25160.0
11:10:49.471 [http-nio-8080-exec-6] INFO  c.h.f.services.FlightService - No of Flights found: 1
11:11:12.303 [http-nio-8080-exec-4] INFO  c.h.f.c.ReservationController - Inside makeReservation()
11:11:12.312 [http-nio-8080-exec-4] INFO  c.h.f.services.FlightService - Flight: Flight(flightId=G2404, operatingAirlines=Akasa Air, departureCity=Bangalore, arrivalCity=Delhi, noOfSeatsBusiness=20, noOfSeatsEconomy=30, fareBusiness=10000, fareEconomy=5000)
11:11:12.312 [http-nio-8080-exec-4] INFO  c.h.f.services.ReservationService - Flight: Flight(flightId=G2404, operatingAirlines=Akasa Air, departureCity=Bangalore, arrivalCity=Delhi, noOfSeatsBusiness=20, noOfSeatsEconomy=30, fareBusiness=10000, fareEconomy=5000)
11:11:12.313 [http-nio-8080-exec-4] INFO  c.h.f.services.ReservationService - List of Passengers: []
11:11:12.321 [http-nio-8080-exec-4] INFO  c.h.f.services.UserService - User: User(userId=some@none.com, firstName=some, lastName=none, mobileNo=123456789, password=nonesome)
11:11:12.322 [http-nio-8080-exec-4] INFO  c.h.f.services.ReservationService - User: User(userId=some@none.com, firstName=some, lastName=none, mobileNo=123456789, password=nonesome)
11:11:12.322 [http-nio-8080-exec-4] INFO  c.h.f.services.ReservationService - Total fare: 216450.0
11:31:24.340 [Thread-37] INFO  com.zaxxer.hikari.HikariDataSource - HikariPool-9 - Shutdown initiated...
11:31:24.378 [Thread-37] INFO  com.zaxxer.hikari.HikariDataSource - HikariPool-9 - Shutdown completed.
11:31:25.524 [restartedMain] INFO  c.h.f.FlightManagementApplication - Starting FlightManagementApplication using Java 20.0.1 with PID 2196 (D:\STS(Extract)\STS-Workplace\FlightManagement\target\classes started by moham in D:\STS(Extract)\STS-Workplace\FlightManagement)
11:31:25.525 [restartedMain] INFO  c.h.f.FlightManagementApplication - No active profile set, falling back to 1 default profile: "default"
11:31:27.626 [restartedMain] INFO  com.zaxxer.hikari.HikariDataSource - HikariPool-10 - Starting...
11:31:27.666 [restartedMain] INFO  com.zaxxer.hikari.pool.HikariPool - HikariPool-10 - Added connection com.mysql.cj.jdbc.ConnectionImpl@4df5d56
11:31:27.666 [restartedMain] INFO  com.zaxxer.hikari.HikariDataSource - HikariPool-10 - Start completed.
11:31:28.593 [restartedMain] INFO  com.zaxxer.hikari.HikariDataSource - HikariPool-10 - Shutdown initiated...
11:31:28.602 [restartedMain] INFO  com.zaxxer.hikari.HikariDataSource - HikariPool-10 - Shutdown completed.
11:33:08.958 [restartedMain] INFO  c.h.f.FlightManagementApplication - Starting FlightManagementApplication using Java 20.0.1 with PID 2196 (D:\STS(Extract)\STS-Workplace\FlightManagement\target\classes started by moham in D:\STS(Extract)\STS-Workplace\FlightManagement)
11:33:08.959 [restartedMain] INFO  c.h.f.FlightManagementApplication - No active profile set, falling back to 1 default profile: "default"
11:33:09.852 [restartedMain] INFO  com.zaxxer.hikari.HikariDataSource - HikariPool-11 - Starting...
11:33:09.895 [restartedMain] INFO  com.zaxxer.hikari.pool.HikariPool - HikariPool-11 - Added connection com.mysql.cj.jdbc.ConnectionImpl@1be50ad7
11:33:09.895 [restartedMain] INFO  com.zaxxer.hikari.HikariDataSource - HikariPool-11 - Start completed.
11:33:10.370 [restartedMain] INFO  com.zaxxer.hikari.HikariDataSource - HikariPool-11 - Shutdown initiated...
11:33:10.402 [restartedMain] INFO  com.zaxxer.hikari.HikariDataSource - HikariPool-11 - Shutdown completed.
11:34:54.257 [restartedMain] INFO  c.h.f.FlightManagementApplication - Starting FlightManagementApplication using Java 20.0.1 with PID 2196 (D:\STS(Extract)\STS-Workplace\FlightManagement\target\classes started by moham in D:\STS(Extract)\STS-Workplace\FlightManagement)
11:34:54.258 [restartedMain] INFO  c.h.f.FlightManagementApplication - No active profile set, falling back to 1 default profile: "default"
11:34:55.025 [restartedMain] INFO  com.zaxxer.hikari.HikariDataSource - HikariPool-12 - Starting...
11:34:55.062 [restartedMain] INFO  com.zaxxer.hikari.pool.HikariPool - HikariPool-12 - Added connection com.mysql.cj.jdbc.ConnectionImpl@205c183d
11:34:55.062 [restartedMain] INFO  com.zaxxer.hikari.HikariDataSource - HikariPool-12 - Start completed.
11:34:56.871 [restartedMain] INFO  c.h.f.FlightManagementApplication - Started FlightManagementApplication in 2.672 seconds (process running for 435455.53)
11:39:21.442 [Thread-41] INFO  com.zaxxer.hikari.HikariDataSource - HikariPool-12 - Shutdown initiated...
11:39:21.453 [Thread-41] INFO  com.zaxxer.hikari.HikariDataSource - HikariPool-12 - Shutdown completed.
11:39:21.698 [restartedMain] INFO  c.h.f.FlightManagementApplication - Starting FlightManagementApplication using Java 20.0.1 with PID 2196 (D:\STS(Extract)\STS-Workplace\FlightManagement\target\classes started by moham in D:\STS(Extract)\STS-Workplace\FlightManagement)
11:39:21.699 [restartedMain] INFO  c.h.f.FlightManagementApplication - No active profile set, falling back to 1 default profile: "default"
11:39:22.603 [restartedMain] INFO  com.zaxxer.hikari.HikariDataSource - HikariPool-13 - Starting...
11:39:22.649 [restartedMain] INFO  com.zaxxer.hikari.pool.HikariPool - HikariPool-13 - Added connection com.mysql.cj.jdbc.ConnectionImpl@43309958
11:39:22.650 [restartedMain] INFO  com.zaxxer.hikari.HikariDataSource - HikariPool-13 - Start completed.
11:39:24.369 [restartedMain] INFO  c.h.f.FlightManagementApplication - Started FlightManagementApplication in 2.732 seconds (process running for 435723.028)
12:06:34.548 [Thread-51] INFO  com.zaxxer.hikari.HikariDataSource - HikariPool-13 - Shutdown initiated...
12:06:34.612 [Thread-51] INFO  com.zaxxer.hikari.HikariDataSource - HikariPool-13 - Shutdown completed.
12:06:34.913 [restartedMain] INFO  c.h.f.FlightManagementApplication - Starting FlightManagementApplication using Java 20.0.1 with PID 2196 (D:\STS(Extract)\STS-Workplace\FlightManagement\target\classes started by moham in D:\STS(Extract)\STS-Workplace\FlightManagement)
12:06:34.913 [restartedMain] INFO  c.h.f.FlightManagementApplication - No active profile set, falling back to 1 default profile: "default"
12:06:38.512 [restartedMain] INFO  com.zaxxer.hikari.HikariDataSource - HikariPool-14 - Starting...
12:06:38.716 [restartedMain] INFO  com.zaxxer.hikari.pool.HikariPool - HikariPool-14 - Added connection com.mysql.cj.jdbc.ConnectionImpl@4a1e8db3
12:06:38.717 [restartedMain] INFO  com.zaxxer.hikari.HikariDataSource - HikariPool-14 - Start completed.
12:06:42.307 [restartedMain] INFO  c.h.f.FlightManagementApplication - Started FlightManagementApplication in 7.486 seconds (process running for 437360.966)
12:07:36.763 [Thread-55] INFO  com.zaxxer.hikari.HikariDataSource - HikariPool-14 - Shutdown initiated...
12:07:36.778 [Thread-55] INFO  com.zaxxer.hikari.HikariDataSource - HikariPool-14 - Shutdown completed.
12:07:37.020 [restartedMain] INFO  c.h.f.FlightManagementApplication - Starting FlightManagementApplication using Java 20.0.1 with PID 2196 (D:\STS(Extract)\STS-Workplace\FlightManagement\target\classes started by moham in D:\STS(Extract)\STS-Workplace\FlightManagement)
12:07:37.020 [restartedMain] INFO  c.h.f.FlightManagementApplication - No active profile set, falling back to 1 default profile: "default"
12:07:37.969 [restartedMain] INFO  com.zaxxer.hikari.HikariDataSource - HikariPool-15 - Starting...
12:07:38.014 [restartedMain] INFO  com.zaxxer.hikari.pool.HikariPool - HikariPool-15 - Added connection com.mysql.cj.jdbc.ConnectionImpl@1f9b04f8
12:07:38.014 [restartedMain] INFO  com.zaxxer.hikari.HikariDataSource - HikariPool-15 - Start completed.
12:07:39.547 [restartedMain] INFO  c.h.f.FlightManagementApplication - Started FlightManagementApplication in 2.601 seconds (process running for 437418.206)
12:09:17.244 [Thread-59] INFO  com.zaxxer.hikari.HikariDataSource - HikariPool-15 - Shutdown initiated...
12:09:17.258 [Thread-59] INFO  com.zaxxer.hikari.HikariDataSource - HikariPool-15 - Shutdown completed.
12:09:17.469 [restartedMain] INFO  c.h.f.FlightManagementApplication - Starting FlightManagementApplication using Java 20.0.1 with PID 2196 (D:\STS(Extract)\STS-Workplace\FlightManagement\target\classes started by moham in D:\STS(Extract)\STS-Workplace\FlightManagement)
12:09:17.470 [restartedMain] INFO  c.h.f.FlightManagementApplication - No active profile set, falling back to 1 default profile: "default"
12:09:18.255 [restartedMain] INFO  com.zaxxer.hikari.HikariDataSource - HikariPool-16 - Starting...
12:09:18.302 [restartedMain] INFO  com.zaxxer.hikari.pool.HikariPool - HikariPool-16 - Added connection com.mysql.cj.jdbc.ConnectionImpl@3e2aceb7
12:09:18.302 [restartedMain] INFO  com.zaxxer.hikari.HikariDataSource - HikariPool-16 - Start completed.
12:09:19.786 [restartedMain] INFO  c.h.f.FlightManagementApplication - Started FlightManagementApplication in 2.367 seconds (process running for 437518.445)
13:02:08.746 [HikariPool-16 housekeeper] WARN  com.zaxxer.hikari.pool.HikariPool - HikariPool-16 - Thread starvation or clock leap detected (housekeeper delta=47m20s290ms739µs100ns).
13:37:05.681 [restartedMain] INFO  c.h.f.FlightManagementApplication - Starting FlightManagementApplication using Java 20.0.1 with PID 15596 (D:\STS(Extract)\STS-Workplace\FlightManagement\target\classes started by moham in D:\STS(Extract)\STS-Workplace\FlightManagement)
13:37:05.703 [restartedMain] INFO  c.h.f.FlightManagementApplication - No active profile set, falling back to 1 default profile: "default"
13:37:11.953 [restartedMain] INFO  com.zaxxer.hikari.HikariDataSource - HikariPool-1 - Starting...
13:37:13.203 [restartedMain] INFO  com.zaxxer.hikari.pool.HikariPool - HikariPool-1 - Added connection com.mysql.cj.jdbc.ConnectionImpl@195c0c72
13:37:13.210 [restartedMain] INFO  com.zaxxer.hikari.HikariDataSource - HikariPool-1 - Start completed.
13:37:21.189 [restartedMain] INFO  c.h.f.FlightManagementApplication - Started FlightManagementApplication in 16.772 seconds (process running for 20.269)
13:37:46.648 [http-nio-8080-exec-1] INFO  c.h.f.services.FlightService - No of Flights found: 1
13:38:19.717 [http-nio-8080-exec-4] INFO  c.h.f.c.ReservationController - Inside makeReservation()
13:38:19.773 [http-nio-8080-exec-4] INFO  c.h.f.services.FlightService - Flight: Flight(flightId=B1208, operatingAirlines=Air Asia, departureCity=Bangalore, arrivalCity=Kolkata, noOfSeatsBusiness=10, noOfSeatsEconomy=20, fareBusiness=8000, fareEconomy=4000)
13:38:19.773 [http-nio-8080-exec-4] INFO  c.h.f.services.ReservationService - Flight: Flight(flightId=B1208, operatingAirlines=Air Asia, departureCity=Bangalore, arrivalCity=Kolkata, noOfSeatsBusiness=10, noOfSeatsEconomy=20, fareBusiness=8000, fareEconomy=4000)
13:38:19.773 [http-nio-8080-exec-4] INFO  c.h.f.services.ReservationService - List of Passengers: []
13:38:19.787 [http-nio-8080-exec-4] INFO  c.h.f.services.UserService - User: User(userId=some@none.com, firstName=some, lastName=none, mobileNo=123456789, password=nonesome)
13:38:19.787 [http-nio-8080-exec-4] INFO  c.h.f.services.ReservationService - User: User(userId=some@none.com, firstName=some, lastName=none, mobileNo=123456789, password=nonesome)
13:38:19.787 [http-nio-8080-exec-4] INFO  c.h.f.services.ReservationService - Total fare: 29160.0
13:39:02.606 [http-nio-8080-exec-6] INFO  c.h.f.services.UserService - User: User(userId=some@none.com, firstName=some, lastName=none, mobileNo=123456789, password=nonesome)
13:39:23.644 [http-nio-8080-exec-8] INFO  c.h.f.services.UserService - User: User(userId=some@none.com, firstName=some, lastName=none, mobileNo=123456789, password=nonesome)
14:05:06.695 [HikariPool-1 housekeeper] WARN  com.zaxxer.hikari.pool.HikariPool - HikariPool-1 - Thread starvation or clock leap detected (housekeeper delta=20m23s232ms940µs300ns).
14:40:03.553 [http-nio-8080-exec-4] INFO  c.h.f.services.FlightService - No of Flights found: 1
14:40:14.007 [http-nio-8080-exec-6] INFO  c.h.f.services.UserService - User: User(userId=some@none.com, firstName=some, lastName=none, mobileNo=123456789, password=nonesome)
14:40:36.622 [http-nio-8080-exec-10] INFO  c.h.f.c.ReservationController - Inside makeReservation()
14:40:36.632 [http-nio-8080-exec-10] INFO  c.h.f.services.FlightService - Flight: Flight(flightId=B1208, operatingAirlines=Air Asia, departureCity=Bangalore, arrivalCity=Kolkata, noOfSeatsBusiness=10, noOfSeatsEconomy=20, fareBusiness=8000, fareEconomy=4000)
14:40:36.632 [http-nio-8080-exec-10] INFO  c.h.f.services.ReservationService - Flight: Flight(flightId=B1208, operatingAirlines=Air Asia, departureCity=Bangalore, arrivalCity=Kolkata, noOfSeatsBusiness=10, noOfSeatsEconomy=20, fareBusiness=8000, fareEconomy=4000)
14:40:36.632 [http-nio-8080-exec-10] INFO  c.h.f.services.ReservationService - List of Passengers: []
14:40:36.636 [http-nio-8080-exec-10] INFO  c.h.f.services.UserService - User: User(userId=some@none.com, firstName=some, lastName=none, mobileNo=123456789, password=nonesome)
14:40:36.675 [http-nio-8080-exec-10] INFO  c.h.f.services.ReservationService - User: User(userId=some@none.com, firstName=some, lastName=none, mobileNo=123456789, password=nonesome)
14:40:36.677 [http-nio-8080-exec-10] INFO  c.h.f.services.ReservationService - Total fare: 21160.0
14:41:33.865 [http-nio-8080-exec-1] INFO  c.h.f.services.FlightService - No of Flights found: 1
14:42:02.381 [http-nio-8080-exec-2] INFO  c.h.f.c.ReservationController - Inside makeReservation()
14:42:02.389 [http-nio-8080-exec-2] INFO  c.h.f.services.FlightService - Flight: Flight(flightId=B1208, operatingAirlines=Air Asia, departureCity=Bangalore, arrivalCity=Kolkata, noOfSeatsBusiness=10, noOfSeatsEconomy=20, fareBusiness=8000, fareEconomy=4000)
14:42:02.390 [http-nio-8080-exec-2] INFO  c.h.f.services.ReservationService - Flight: Flight(flightId=B1208, operatingAirlines=Air Asia, departureCity=Bangalore, arrivalCity=Kolkata, noOfSeatsBusiness=10, noOfSeatsEconomy=20, fareBusiness=8000, fareEconomy=4000)
14:42:02.390 [http-nio-8080-exec-2] INFO  c.h.f.services.ReservationService - List of Passengers: []
14:42:02.396 [http-nio-8080-exec-2] INFO  c.h.f.services.UserService - User: User(userId=some@none.com, firstName=some, lastName=none, mobileNo=123456789, password=nonesome)
14:42:02.397 [http-nio-8080-exec-2] INFO  c.h.f.services.ReservationService - User: User(userId=some@none.com, firstName=some, lastName=none, mobileNo=123456789, password=nonesome)
14:42:02.397 [http-nio-8080-exec-2] INFO  c.h.f.services.ReservationService - Total fare: 21160.0
14:44:06.984 [http-nio-8080-exec-5] INFO  c.h.f.services.FlightService - No of Flights found: 1
14:47:37.960 [Thread-5] INFO  com.zaxxer.hikari.HikariDataSource - HikariPool-1 - Shutdown initiated...
14:47:38.001 [Thread-5] INFO  com.zaxxer.hikari.HikariDataSource - HikariPool-1 - Shutdown completed.
14:47:38.872 [restartedMain] INFO  c.h.f.FlightManagementApplication - Starting FlightManagementApplication using Java 20.0.1 with PID 15596 (D:\STS(Extract)\STS-Workplace\FlightManagement\target\classes started by moham in D:\STS(Extract)\STS-Workplace\FlightManagement)
14:47:38.873 [restartedMain] INFO  c.h.f.FlightManagementApplication - No active profile set, falling back to 1 default profile: "default"
14:47:41.580 [restartedMain] INFO  com.zaxxer.hikari.HikariDataSource - HikariPool-2 - Starting...
14:47:41.661 [restartedMain] INFO  com.zaxxer.hikari.pool.HikariPool - HikariPool-2 - Added connection com.mysql.cj.jdbc.ConnectionImpl@36f991cb
14:47:41.662 [restartedMain] INFO  com.zaxxer.hikari.HikariDataSource - HikariPool-2 - Start completed.
14:47:45.637 [restartedMain] INFO  c.h.f.FlightManagementApplication - Started FlightManagementApplication in 6.908 seconds (process running for 4244.744)
14:49:44.328 [Thread-7] INFO  com.zaxxer.hikari.HikariDataSource - HikariPool-2 - Shutdown initiated...
14:49:44.350 [Thread-7] INFO  com.zaxxer.hikari.HikariDataSource - HikariPool-2 - Shutdown completed.
14:49:44.706 [restartedMain] INFO  c.h.f.FlightManagementApplication - Starting FlightManagementApplication using Java 20.0.1 with PID 15596 (D:\STS(Extract)\STS-Workplace\FlightManagement\target\classes started by moham in D:\STS(Extract)\STS-Workplace\FlightManagement)
14:49:44.706 [restartedMain] INFO  c.h.f.FlightManagementApplication - No active profile set, falling back to 1 default profile: "default"
14:49:45.798 [restartedMain] INFO  com.zaxxer.hikari.HikariDataSource - HikariPool-3 - Starting...
14:49:45.853 [restartedMain] INFO  com.zaxxer.hikari.pool.HikariPool - HikariPool-3 - Added connection com.mysql.cj.jdbc.ConnectionImpl@567936b4
14:49:45.853 [restartedMain] INFO  com.zaxxer.hikari.HikariDataSource - HikariPool-3 - Start completed.
14:49:48.112 [restartedMain] INFO  c.h.f.FlightManagementApplication - Started FlightManagementApplication in 3.572 seconds (process running for 4367.219)
14:51:37.720 [Thread-11] INFO  com.zaxxer.hikari.HikariDataSource - HikariPool-3 - Shutdown initiated...
14:51:37.730 [Thread-11] INFO  com.zaxxer.hikari.HikariDataSource - HikariPool-3 - Shutdown completed.
14:51:37.900 [restartedMain] INFO  c.h.f.FlightManagementApplication - Starting FlightManagementApplication using Java 20.0.1 with PID 15596 (D:\STS(Extract)\STS-Workplace\FlightManagement\target\classes started by moham in D:\STS(Extract)\STS-Workplace\FlightManagement)
14:51:37.900 [restartedMain] INFO  c.h.f.FlightManagementApplication - No active profile set, falling back to 1 default profile: "default"
14:51:39.165 [restartedMain] INFO  com.zaxxer.hikari.HikariDataSource - HikariPool-4 - Starting...
14:51:39.218 [restartedMain] INFO  com.zaxxer.hikari.pool.HikariPool - HikariPool-4 - Added connection com.mysql.cj.jdbc.ConnectionImpl@2361a933
14:51:39.219 [restartedMain] INFO  com.zaxxer.hikari.HikariDataSource - HikariPool-4 - Start completed.
14:51:41.595 [restartedMain] INFO  c.h.f.FlightManagementApplication - Started FlightManagementApplication in 3.746 seconds (process running for 4480.702)
14:58:38.103 [http-nio-8080-exec-7] INFO  c.h.f.services.UserService - User: User(userId=some@none.com, firstName=some, lastName=none, mobileNo=123456789, password=nonesome)
15:09:28.752 [http-nio-8080-exec-10] INFO  c.h.f.services.FlightService - No of Flights found: 1
15:09:54.862 [http-nio-8080-exec-4] INFO  c.h.f.services.UserService - User: User(userId=some@none.com, firstName=some, lastName=none, mobileNo=123456789, password=nonesome)
15:10:21.480 [http-nio-8080-exec-8] INFO  c.h.f.c.ReservationController - Inside makeReservation()
15:10:21.493 [http-nio-8080-exec-8] INFO  c.h.f.services.FlightService - Flight: Flight(flightId=B1208, operatingAirlines=Air Asia, departureCity=Bangalore, arrivalCity=Kolkata, noOfSeatsBusiness=10, noOfSeatsEconomy=20, fareBusiness=8000, fareEconomy=4000)
15:10:21.493 [http-nio-8080-exec-8] INFO  c.h.f.services.ReservationService - Flight: Flight(flightId=B1208, operatingAirlines=Air Asia, departureCity=Bangalore, arrivalCity=Kolkata, noOfSeatsBusiness=10, noOfSeatsEconomy=20, fareBusiness=8000, fareEconomy=4000)
15:10:21.493 [http-nio-8080-exec-8] INFO  c.h.f.services.ReservationService - List of Passengers: []
15:10:21.499 [http-nio-8080-exec-8] INFO  c.h.f.services.UserService - User: User(userId=some@none.com, firstName=some, lastName=none, mobileNo=123456789, password=nonesome)
15:10:21.499 [http-nio-8080-exec-8] INFO  c.h.f.services.ReservationService - User: User(userId=some@none.com, firstName=some, lastName=none, mobileNo=123456789, password=nonesome)
15:10:21.499 [http-nio-8080-exec-8] INFO  c.h.f.services.ReservationService - Total fare: 21160.0
15:11:25.650 [http-nio-8080-exec-10] INFO  c.h.f.services.FlightService - No of Flights found: 1
15:21:34.246 [http-nio-8080-exec-8] INFO  c.h.f.services.UserService - User: User(userId=some@none.com, firstName=some, lastName=none, mobileNo=123456789, password=nonesome)
15:23:34.751 [http-nio-8080-exec-2] INFO  c.h.f.services.FlightService - No of Flights found: 1
15:37:27.054 [http-nio-8080-exec-7] INFO  c.h.f.services.FlightService - No of Flights found: 1
15:38:01.887 [http-nio-8080-exec-1] INFO  c.h.f.services.FlightService - No of Flights found: 1
15:39:10.766 [http-nio-8080-exec-6] INFO  c.h.f.services.FlightService - No of Flights found: 1
15:40:28.757 [HikariPool-4 housekeeper] WARN  com.zaxxer.hikari.pool.HikariPool - HikariPool-4 - Thread starvation or clock leap detected (housekeeper delta=50s107ms858µs300ns).
15:42:01.474 [http-nio-8080-exec-10] INFO  c.h.f.services.FlightService - No of Flights found: 1
15:42:13.342 [http-nio-8080-exec-4] INFO  c.h.f.services.FlightService - No of Flights found: 1
15:42:49.285 [http-nio-8080-exec-8] INFO  c.h.f.services.FlightService - No of Flights found: 1
15:49:24.106 [http-nio-8080-exec-1] INFO  c.h.f.services.FlightService - No of Flights found: 1
15:50:01.967 [http-nio-8080-exec-2] INFO  c.h.f.services.FlightService - No of Flights found: 1
16:00:32.417 [http-nio-8080-exec-5] INFO  c.h.f.services.FlightService - No of Flights found: 1
18:36:13.600 [http-nio-8080-exec-9] INFO  c.h.f.services.FlightService - No of Flights found: 1
18:51:12.835 [http-nio-8080-exec-3] INFO  c.h.f.services.UserService - User: User(userId=some@none.com, firstName=some, lastName=none, mobileNo=123456789, password=nonesome)
18:59:38.591 [HikariPool-4 housekeeper] WARN  com.zaxxer.hikari.pool.HikariPool - HikariPool-4 - Thread starvation or clock leap detected (housekeeper delta=3m7s991ms818µs500ns).
22:13:58.422 [HikariPool-4 housekeeper] WARN  com.zaxxer.hikari.pool.HikariPool - HikariPool-4 - Thread starvation or clock leap detected (housekeeper delta=3h10m21s550ms132µs100ns).
22:36:48.407 [HikariPool-4 housekeeper] WARN  com.zaxxer.hikari.pool.HikariPool - HikariPool-4 - Thread starvation or clock leap detected (housekeeper delta=19m49s962ms816µs400ns).
23:43:41.742 [HikariPool-4 housekeeper] WARN  com.zaxxer.hikari.pool.HikariPool - HikariPool-4 - Thread starvation or clock leap detected (housekeeper delta=40m52s948ms129µs600ns).
00:09:57.464 [http-nio-8080-exec-7] INFO  c.h.f.services.FlightService - No of Flights found: 1
00:32:52.446 [http-nio-8080-exec-3] INFO  c.h.f.services.FlightService - No of Flights found: 1
00:58:47.233 [HikariPool-4 housekeeper] WARN  com.zaxxer.hikari.pool.HikariPool - HikariPool-4 - Thread starvation or clock leap detected (housekeeper delta=15m34s558ms925µs800ns).
01:00:05.205 [http-nio-8080-exec-7] INFO  c.h.f.services.FlightService - No of Flights found: 1
01:00:11.193 [http-nio-8080-exec-2] INFO  c.h.f.services.FlightService - No of Flights found: 1
01:00:24.702 [http-nio-8080-exec-5] INFO  c.h.f.services.FlightService - No of Flights found: 1
01:00:34.225 [http-nio-8080-exec-9] INFO  c.h.f.services.FlightService - No of Flights found: 1
01:01:19.208 [http-nio-8080-exec-3] INFO  c.h.f.services.FlightService - No of Flights found: 1
01:01:29.225 [http-nio-8080-exec-7] INFO  c.h.f.services.FlightService - No of Flights found: 1
01:01:34.208 [http-nio-8080-exec-2] INFO  c.h.f.services.FlightService - No of Flights found: 1
01:02:06.635 [http-nio-8080-exec-5] INFO  c.h.f.services.FlightService - No of Flights found: 1
01:02:27.208 [http-nio-8080-exec-9] INFO  c.h.f.services.FlightService - No of Flights found: 1
01:02:40.614 [http-nio-8080-exec-3] INFO  c.h.f.services.FlightService - No of Flights found: 1
01:24:50.314 [http-nio-8080-exec-1] INFO  c.h.f.c.ReservationController - Inside makeReservation()
01:24:50.400 [http-nio-8080-exec-1] INFO  c.h.f.services.FlightService - Flight: Flight(flightId=B1208, operatingAirlines=Air Asia, departureCity=Bangalore, arrivalCity=Kolkata, noOfSeatsBusiness=10, noOfSeatsEconomy=20, fareBusiness=8000, fareEconomy=4000)
01:24:50.400 [http-nio-8080-exec-1] INFO  c.h.f.services.ReservationService - Flight: Flight(flightId=B1208, operatingAirlines=Air Asia, departureCity=Bangalore, arrivalCity=Kolkata, noOfSeatsBusiness=10, noOfSeatsEconomy=20, fareBusiness=8000, fareEconomy=4000)
01:24:50.400 [http-nio-8080-exec-1] INFO  c.h.f.services.ReservationService - List of Passengers: []
01:24:50.408 [http-nio-8080-exec-1] INFO  c.h.f.services.UserService - User: User(userId=some@none.com, firstName=some, lastName=none, mobileNo=123456789, password=nonesome)
01:24:50.408 [http-nio-8080-exec-1] INFO  c.h.f.services.ReservationService - User: User(userId=some@none.com, firstName=some, lastName=none, mobileNo=123456789, password=nonesome)
01:24:50.409 [http-nio-8080-exec-1] INFO  c.h.f.services.ReservationService - Total fare: 13160.0
07:35:16.967 [HikariPool-4 housekeeper] WARN  com.zaxxer.hikari.pool.HikariPool - HikariPool-4 - Thread starvation or clock leap detected (housekeeper delta=6h8m31s239ms610µs500ns).
10:37:46.993 [HikariPool-4 housekeeper] WARN  com.zaxxer.hikari.pool.HikariPool - HikariPool-4 - Thread starvation or clock leap detected (housekeeper delta=3h30s25ms263µs400ns).
13:21:13.561 [HikariPool-4 housekeeper] WARN  com.zaxxer.hikari.pool.HikariPool - HikariPool-4 - Thread starvation or clock leap detected (housekeeper delta=2h43m28s405ms549µs100ns).
13:38:50.216 [http-nio-8080-exec-6] INFO  c.h.f.services.FlightService - No of Flights found: 1
13:39:45.835 [http-nio-8080-exec-10] INFO  c.h.f.services.FlightService - No of Flights found: 1
13:40:35.431 [http-nio-8080-exec-4] INFO  c.h.f.services.FlightService - No of Flights found: 1
13:42:47.979 [http-nio-8080-exec-8] INFO  c.h.f.services.FlightService - No of Flights found: 1
13:43:07.435 [http-nio-8080-exec-1] INFO  c.h.f.services.UserService - User: User(userId=some@none.com, firstName=some, lastName=none, mobileNo=123456789, password=nonesome)
13:43:18.750 [http-nio-8080-exec-6] INFO  c.h.f.services.FlightService - No of Flights found: 1
13:44:06.447 [http-nio-8080-exec-9] INFO  c.h.f.c.ReservationController - Inside makeReservation()
13:44:06.459 [http-nio-8080-exec-9] INFO  c.h.f.services.FlightService - Flight: Flight(flightId=B1208, operatingAirlines=Air Asia, departureCity=Bangalore, arrivalCity=Kolkata, noOfSeatsBusiness=10, noOfSeatsEconomy=20, fareBusiness=8000, fareEconomy=4000)
13:44:06.459 [http-nio-8080-exec-9] INFO  c.h.f.services.ReservationService - Flight: Flight(flightId=B1208, operatingAirlines=Air Asia, departureCity=Bangalore, arrivalCity=Kolkata, noOfSeatsBusiness=10, noOfSeatsEconomy=20, fareBusiness=8000, fareEconomy=4000)
13:44:06.460 [http-nio-8080-exec-9] INFO  c.h.f.services.ReservationService - List of Passengers: []
13:44:06.463 [http-nio-8080-exec-9] INFO  c.h.f.services.UserService - User: User(userId=some@none.com, firstName=some, lastName=none, mobileNo=123456789, password=nonesome)
13:44:06.464 [http-nio-8080-exec-9] INFO  c.h.f.services.ReservationService - User: User(userId=some@none.com, firstName=some, lastName=none, mobileNo=123456789, password=nonesome)
13:44:06.467 [http-nio-8080-exec-9] INFO  c.h.f.services.ReservationService - Total fare: 21160.0
13:46:37.122 [http-nio-8080-exec-7] INFO  c.h.f.services.FlightService - No of Flights found: 1
13:59:05.093 [http-nio-8080-exec-2] INFO  c.h.f.services.FlightService - No of Flights found: 1
01:13:28.961 [RMI TCP Connection(482)-127.0.0.1] INFO  com.zaxxer.hikari.HikariDataSource - HikariPool-4 - Shutdown initiated...
01:13:28.969 [RMI TCP Connection(482)-127.0.0.1] INFO  com.zaxxer.hikari.HikariDataSource - HikariPool-4 - Shutdown completed.
02:16:13.065 [restartedMain] INFO  c.h.f.FlightManagementApplication - Starting FlightManagementApplication using Java 20.0.1 with PID 9452 (D:\STS(Extract)\STS-Workplace\FlightManagement\target\classes started by moham in D:\STS(Extract)\STS-Workplace\FlightManagement)
02:16:13.105 [restartedMain] INFO  c.h.f.FlightManagementApplication - No active profile set, falling back to 1 default profile: "default"
02:16:19.414 [restartedMain] INFO  com.zaxxer.hikari.HikariDataSource - HikariPool-1 - Starting...
02:16:20.861 [restartedMain] INFO  com.zaxxer.hikari.pool.HikariPool - HikariPool-1 - Added connection com.mysql.cj.jdbc.ConnectionImpl@4389191e
02:16:20.868 [restartedMain] INFO  com.zaxxer.hikari.HikariDataSource - HikariPool-1 - Start completed.
02:16:28.797 [restartedMain] INFO  c.h.f.FlightManagementApplication - Started FlightManagementApplication in 16.809 seconds (process running for 20.179)
02:16:59.938 [http-nio-8080-exec-10] INFO  c.h.f.services.ReservationService - No of Reservations: 12
02:17:45.789 [RMI TCP Connection(5)-127.0.0.1] INFO  com.zaxxer.hikari.HikariDataSource - HikariPool-1 - Shutdown initiated...
02:17:45.808 [RMI TCP Connection(5)-127.0.0.1] INFO  com.zaxxer.hikari.HikariDataSource - HikariPool-1 - Shutdown completed.
